################# Final reults are    Common Metrics####################################
############################################################################################
{'labels7_1': {'adjusted_mutual_info_score': {'cluster_cfg': 'AggloClu with n_clusters: 7 affinity: precomputed linkage: average',
                                              'other_metrics': ['adjusted_rand_score: 0.19830641985',
                                                                'normalized_mutual_info_score: 0.569770497013',
                                                                'mutual_info_score: 1.01791876485',
                                                                'homogeneity_score: 0.55265265949',
                                                                'completeness_score: 0.587418541631',
                                                                'v_measure_score: 0.569505516755',
                                                                'fowlkes_mallows_score: 0.325493388483',
                                                                'silhouette_score: -0.117321198825',
                                                                'calinski_harabaz_score: 0.907839240185'],
                                              'res_label': array([2, 6, 2, 6, 0, 1, 0, 3, 3, 0, 0, 0, 5, 0, 2, 4, 0, 0, 4, 1, 0, 4, 6,
       4]),
                                              'val': 0.25440701630143869,
                                              'vector_cfg': 'TfidfVe max_df: 50 min_df: 10 analyzer: word lowercase: True norm: l2 sublinear_tf:True'},
               'adjusted_rand_score': {'cluster_cfg': 'KMeans with n_clusters: 7 max_iter: 100 init: random algorithm: elkan tol: 0.0001',
                                       'other_metrics': ['normalized_mutual_info_score: 0.505218172539',
                                                         'mutual_info_score: 0.860665519946',
                                                         'adjusted_mutual_info_score: 0.1681704388',
                                                         'homogeneity_score: 0.467276078362',
                                                         'completeness_score: 0.546241106025',
                                                         'v_measure_score: 0.503682435375',
                                                         'fowlkes_mallows_score: 0.369897721437',
                                                         'silhouette_score: 0.119449815978',
                                                         'calinski_harabaz_score: 2.90630310864'],
                                       'res_label': array([4, 6, 6, 2, 3, 4, 4, 4, 0, 5, 4, 2, 6, 1, 4, 4, 4, 6, 4, 6, 4, 2, 6,
       3], dtype=int32),
                                       'val': 0.2247191011235955,
                                       'vector_cfg': 'TfidfVe max_df: 0.8 min_df: 0.1 analyzer: word lowercase: False norm: l1 sublinear_tf:False'},
               'calinski_harabaz_score': {'cluster_cfg': 'KMeans with n_clusters: 7 max_iter: 100 init: k-means++ algorithm: full tol: 0.0001',
                                          'other_metrics': ['adjusted_rand_score: 0.0334160221801',
                                                            'normalized_mutual_info_score: 0.419952948061',
                                                            'mutual_info_score: 0.572863125419',
                                                            'adjusted_mutual_info_score: 0.0537248937467',
                                                            'homogeneity_score: 0.311021213794',
                                                            'completeness_score: 0.567036815379',
                                                            'v_measure_score: 0.401705747742',
                                                            'fowlkes_mallows_score: 0.305690018751',
                                                            'silhouette_score: 0.450400634542'],
                                          'res_label': array([0, 0, 3, 0, 0, 0, 0, 6, 2, 0, 0, 0, 0, 0, 0, 0, 0, 0, 0, 0, 4, 5, 0,
       1], dtype=int32),
                                          'val': 360991.26777635014,
                                          'vector_cfg': 'TfidfVe max_df: 10 min_df: 1 analyzer: char lowercase: True norm: None sublinear_tf:False'},
               'completeness_score': {'cluster_cfg': 'KMeans with n_clusters: 7 max_iter: 900 init: random algorithm: elkan tol: 0.0001',
                                      'other_metrics': ['adjusted_rand_score: 0.109401179026',
                                                        'normalized_mutual_info_score: 0.525018320394',
                                                        'mutual_info_score: 0.809417755042',
                                                        'adjusted_mutual_info_score: 0.177292202135',
                                                        'homogeneity_score: 0.439452430203',
                                                        'v_measure_score: 0.516818151827',
                                                        'fowlkes_mallows_score: 0.33067790974',
                                                        'silhouette_score: 0.0921017971806',
                                                        'calinski_harabaz_score: 4.24021534049'],
                                      'res_label': array([2, 0, 1, 2, 2, 2, 2, 2, 2, 2, 2, 2, 0, 2, 3, 2, 2, 4, 2, 0, 5, 6, 4,
       2], dtype=int32),
                                      'val': 0.62724476599682089,
                                      'vector_cfg': 'TfidfVe max_df: 0.5 min_df: 2 analyzer: word lowercase: True norm: None sublinear_tf:True'},
               'fowlkes_mallows_score': {'cluster_cfg': 'KMeans with n_clusters: 7 max_iter: 100 init: random algorithm: elkan tol: 0.01',
                                         'other_metrics': ['adjusted_rand_score: 0.219564386702',
                                                           'normalized_mutual_info_score: 0.539345500392',
                                                           'mutual_info_score: 0.885351753813',
                                                           'adjusted_mutual_info_score: 0.214267214205',
                                                           'homogeneity_score: 0.480678830399',
                                                           'completeness_score: 0.605172415336',
                                                           'v_measure_score: 0.535788985713',
                                                           'silhouette_score: 0.0657710630872',
                                                           'calinski_harabaz_score: 2.6389820131'],
                                         'res_label': array([0, 4, 0, 3, 5, 0, 0, 2, 0, 0, 0, 3, 4, 0, 0, 0, 1, 4, 0, 4, 0, 3, 4,
       6], dtype=int32),
                                         'val': 0.38842295423767181,
                                         'vector_cfg': 'TfidfVe max_df: 10 min_df: 1 analyzer: word lowercase: True norm: l1 sublinear_tf:False'},
               'homogeneity_score': {'cluster_cfg': 'AggloClu with n_clusters: 7 affinity: precomputed linkage: average',
                                     'other_metrics': ['adjusted_rand_score: 0.19830641985',
                                                       'normalized_mutual_info_score: 0.569770497013',
                                                       'mutual_info_score: 1.01791876485',
                                                       'adjusted_mutual_info_score: 0.254407016301',
                                                       'completeness_score: 0.587418541631',
                                                       'v_measure_score: 0.569505516755',
                                                       'fowlkes_mallows_score: 0.325493388483',
                                                       'silhouette_score: -0.117321198825',
                                                       'calinski_harabaz_score: 0.907839240185'],
                                     'res_label': array([2, 6, 2, 6, 0, 1, 0, 3, 3, 0, 0, 0, 5, 0, 2, 4, 0, 0, 4, 1, 0, 4, 6,
       4]),
                                     'val': 0.5526526594900707,
                                     'vector_cfg': 'TfidfVe max_df: 50 min_df: 10 analyzer: word lowercase: True norm: l2 sublinear_tf:True'},
               'mutual_info_score': {'cluster_cfg': 'AggloClu with n_clusters: 7 affinity: precomputed linkage: average',
                                     'other_metrics': ['adjusted_rand_score: 0.19830641985',
                                                       'normalized_mutual_info_score: 0.569770497013',
                                                       'adjusted_mutual_info_score: 0.254407016301',
                                                       'homogeneity_score: 0.55265265949',
                                                       'completeness_score: 0.587418541631',
                                                       'v_measure_score: 0.569505516755',
                                                       'fowlkes_mallows_score: 0.325493388483',
                                                       'silhouette_score: -0.117321198825',
                                                       'calinski_harabaz_score: 0.907839240185'],
                                     'res_label': array([2, 6, 2, 6, 0, 1, 0, 3, 3, 0, 0, 0, 5, 0, 2, 4, 0, 0, 4, 1, 0, 4, 6,
       4]),
                                     'val': 1.0179187648497285,
                                     'vector_cfg': 'TfidfVe max_df: 50 min_df: 10 analyzer: word lowercase: True norm: l2 sublinear_tf:True'},
               'normalized_mutual_info_score': {'cluster_cfg': 'AggloClu with n_clusters: 7 affinity: precomputed linkage: average',
                                                'other_metrics': ['adjusted_rand_score: 0.19830641985',
                                                                  'mutual_info_score: 1.01791876485',
                                                                  'adjusted_mutual_info_score: 0.254407016301',
                                                                  'homogeneity_score: 0.55265265949',
                                                                  'completeness_score: 0.587418541631',
                                                                  'v_measure_score: 0.569505516755',
                                                                  'fowlkes_mallows_score: 0.325493388483',
                                                                  'silhouette_score: -0.117321198825',
                                                                  'calinski_harabaz_score: 0.907839240185'],
                                                'res_label': array([2, 6, 2, 6, 0, 1, 0, 3, 3, 0, 0, 0, 5, 0, 2, 4, 0, 0, 4, 1, 0, 4, 6,
       4]),
                                                'val': 0.56977049701255578,
                                                'vector_cfg': 'TfidfVe max_df: 50 min_df: 10 analyzer: word lowercase: True norm: l2 sublinear_tf:True'},
               'silhouette_score': {'cluster_cfg': 'KMeans with n_clusters: 7 max_iter: 900 init: random algorithm: elkan tol: 0.1',
                                    'other_metrics': ['adjusted_rand_score: -0.0237297224829',
                                                      'normalized_mutual_info_score: 0.299159654509',
                                                      'mutual_info_score: 0.373667492945',
                                                      'adjusted_mutual_info_score: -0.0306186827108',
                                                      'homogeneity_score: 0.202873098397',
                                                      'completeness_score: 0.441145226218',
                                                      'v_measure_score: 0.277931529166',
                                                      'fowlkes_mallows_score: 0.264010000242',
                                                      'calinski_harabaz_score: 4153.33876141'],
                                    'res_label': array([1, 1, 5, 1, 1, 1, 1, 1, 0, 1, 1, 1, 1, 6, 1, 1, 1, 1, 1, 1, 2, 1, 1,
       3], dtype=int32),
                                    'val': 0.75311027080575343,
                                    'vector_cfg': 'TfidfVe max_df: 0.8 min_df: 1 analyzer: char lowercase: True norm: None sublinear_tf:False'},
               'v_measure_score': {'cluster_cfg': 'AggloClu with n_clusters: 7 affinity: precomputed linkage: average',
                                   'other_metrics': ['adjusted_rand_score: 0.19830641985',
                                                     'normalized_mutual_info_score: 0.569770497013',
                                                     'mutual_info_score: 1.01791876485',
                                                     'adjusted_mutual_info_score: 0.254407016301',
                                                     'homogeneity_score: 0.55265265949',
                                                     'completeness_score: 0.587418541631',
                                                     'fowlkes_mallows_score: 0.325493388483',
                                                     'silhouette_score: -0.117321198825',
                                                     'calinski_harabaz_score: 0.907839240185'],
                                   'res_label': array([2, 6, 2, 6, 0, 1, 0, 3, 3, 0, 0, 0, 5, 0, 2, 4, 0, 0, 4, 1, 0, 4, 6,
       4]),
                                   'val': 0.56950551675512595,
                                   'vector_cfg': 'TfidfVe max_df: 50 min_df: 10 analyzer: word lowercase: True norm: l2 sublinear_tf:True'}},
 'labels7_2': {'adjusted_mutual_info_score': {'cluster_cfg': 'KMeans with n_clusters: 7 max_iter: 900 init: random algorithm: elkan tol: 0.0001',
                                              'other_metrics': ['adjusted_rand_score: 0.188061617458',
                                                                'normalized_mutual_info_score: 0.564688738796',
                                                                'mutual_info_score: 1.01979406202',
                                                                'homogeneity_score: 0.553670803574',
                                                                'completeness_score: 0.575925928665',
                                                                'v_measure_score: 0.564579132751',
                                                                'fowlkes_mallows_score: 0.304407773659',
                                                                'silhouette_score: 0.116879061923',
                                                                'calinski_harabaz_score: 7.26329887886'],
                                              'res_label': array([1, 0, 0, 6, 1, 6, 6, 2, 0, 5, 5, 6, 1, 4, 1, 5, 5, 0, 5, 1, 3, 4, 0,
       1], dtype=int32),
                                              'val': 0.25717638269173398,
                                              'vector_cfg': 'TfidfVe max_df: 50 min_df: 10 analyzer: char lowercase: False norm: None sublinear_tf:True'},
               'adjusted_rand_score': {'cluster_cfg': 'KMeans with n_clusters: 7 max_iter: 100 init: random algorithm: elkan tol: 0.001',
                                       'other_metrics': ['normalized_mutual_info_score: 0.562379185968',
                                                         'mutual_info_score: 1.0226782899',
                                                         'adjusted_mutual_info_score: 0.251707749279',
                                                         'homogeneity_score: 0.555236720484',
                                                         'completeness_score: 0.569613530846',
                                                         'v_measure_score: 0.562333250024',
                                                         'fowlkes_mallows_score: 0.337918909192',
                                                         'silhouette_score: 0.0861603271655',
                                                         'calinski_harabaz_score: 4.13483031044'],
                                       'res_label': array([0, 1, 1, 3, 4, 6, 4, 4, 1, 4, 6, 3, 0, 1, 2, 6, 6, 1, 6, 0, 5, 3, 1,
       0], dtype=int32),
                                       'val': 0.2304832713754647,
                                       'vector_cfg': 'TfidfVe max_df: 1.0 min_df: 0.5 analyzer: char lowercase: False norm: l2 sublinear_tf:True'},
               'calinski_harabaz_score': {'cluster_cfg': 'KMeans with n_clusters: 7 max_iter: 100 init: k-means++ algorithm: full tol: 0.0001',
                                          'other_metrics': ['adjusted_rand_score: 0.0334160221801',
                                                            'normalized_mutual_info_score: 0.419952948061',
                                                            'mutual_info_score: 0.572863125419',
                                                            'adjusted_mutual_info_score: 0.0537248937467',
                                                            'homogeneity_score: 0.311021213794',
                                                            'completeness_score: 0.567036815379',
                                                            'v_measure_score: 0.401705747742',
                                                            'fowlkes_mallows_score: 0.305690018751',
                                                            'silhouette_score: 0.450400634542'],
                                          'res_label': array([0, 0, 3, 0, 0, 0, 0, 6, 2, 0, 0, 0, 0, 0, 0, 0, 0, 0, 0, 0, 4, 5, 0,
       1], dtype=int32),
                                          'val': 360991.26777635014,
                                          'vector_cfg': 'TfidfVe max_df: 10 min_df: 1 analyzer: char lowercase: True norm: None sublinear_tf:False'},
               'completeness_score': {'cluster_cfg': 'KMeans with n_clusters: 7 max_iter: 100 init: k-means++ algorithm: elkan tol: 0.1',
                                      'other_metrics': ['adjusted_rand_score: 0.0820883703743',
                                                        'normalized_mutual_info_score: 0.512395191644',
                                                        'mutual_info_score: 0.733782491802',
                                                        'adjusted_mutual_info_score: 0.152519927071',
                                                        'homogeneity_score: 0.398388220735',
                                                        'v_measure_score: 0.496585785119',
                                                        'fowlkes_mallows_score: 0.337093280941',
                                                        'silhouette_score: 0.101902331137',
                                                        'calinski_harabaz_score: 8.29483161609'],
                                      'res_label': array([1, 3, 1, 1, 1, 1, 1, 4, 1, 1, 1, 1, 1, 6, 1, 1, 1, 2, 1, 1, 0, 5, 2,
       1], dtype=int32),
                                      'val': 0.65902759859545623,
                                      'vector_cfg': 'TfidfVe max_df: 0.5 min_df: 1 analyzer: word lowercase: True norm: None sublinear_tf:True'},
               'fowlkes_mallows_score': {'cluster_cfg': 'KMeans with n_clusters: 7 max_iter: 100 init: random algorithm: elkan tol: 0.01',
                                         'other_metrics': ['adjusted_rand_score: 0.219564386702',
                                                           'normalized_mutual_info_score: 0.539345500392',
                                                           'mutual_info_score: 0.885351753813',
                                                           'adjusted_mutual_info_score: 0.214267214205',
                                                           'homogeneity_score: 0.480678830399',
                                                           'completeness_score: 0.605172415336',
                                                           'v_measure_score: 0.535788985713',
                                                           'silhouette_score: 0.0657710630872',
                                                           'calinski_harabaz_score: 2.6389820131'],
                                         'res_label': array([0, 4, 0, 3, 5, 0, 0, 2, 0, 0, 0, 3, 4, 0, 0, 0, 1, 4, 0, 4, 0, 3, 4,
       6], dtype=int32),
                                         'val': 0.38842295423767181,
                                         'vector_cfg': 'TfidfVe max_df: 10 min_df: 1 analyzer: word lowercase: True norm: l1 sublinear_tf:False'},
               'homogeneity_score': {'cluster_cfg': 'KMeans with n_clusters: 7 max_iter: 100 init: random algorithm: elkan tol: 0.001',
                                     'other_metrics': ['adjusted_rand_score: 0.230483271375',
                                                       'normalized_mutual_info_score: 0.562379185968',
                                                       'mutual_info_score: 1.0226782899',
                                                       'adjusted_mutual_info_score: 0.251707749279',
                                                       'completeness_score: 0.569613530846',
                                                       'v_measure_score: 0.562333250024',
                                                       'fowlkes_mallows_score: 0.337918909192',
                                                       'silhouette_score: 0.0861603271655',
                                                       'calinski_harabaz_score: 4.13483031044'],
                                     'res_label': array([0, 1, 1, 3, 4, 6, 4, 4, 1, 4, 6, 3, 0, 1, 2, 6, 6, 1, 6, 0, 5, 3, 1,
       0], dtype=int32),
                                     'val': 0.55523672048398509,
                                     'vector_cfg': 'TfidfVe max_df: 1.0 min_df: 0.5 analyzer: char lowercase: False norm: l2 sublinear_tf:True'},
               'mutual_info_score': {'cluster_cfg': 'KMeans with n_clusters: 7 max_iter: 100 init: random algorithm: elkan tol: 0.001',
                                     'other_metrics': ['adjusted_rand_score: 0.230483271375',
                                                       'normalized_mutual_info_score: 0.562379185968',
                                                       'adjusted_mutual_info_score: 0.251707749279',
                                                       'homogeneity_score: 0.555236720484',
                                                       'completeness_score: 0.569613530846',
                                                       'v_measure_score: 0.562333250024',
                                                       'fowlkes_mallows_score: 0.337918909192',
                                                       'silhouette_score: 0.0861603271655',
                                                       'calinski_harabaz_score: 4.13483031044'],
                                     'res_label': array([0, 1, 1, 3, 4, 6, 4, 4, 1, 4, 6, 3, 0, 1, 2, 6, 6, 1, 6, 0, 5, 3, 1,
       0], dtype=int32),
                                     'val': 1.0226782898968869,
                                     'vector_cfg': 'TfidfVe max_df: 1.0 min_df: 0.5 analyzer: char lowercase: False norm: l2 sublinear_tf:True'},
               'normalized_mutual_info_score': {'cluster_cfg': 'AggloClu with n_clusters: 7 affinity: precomputed linkage: average',
                                                'other_metrics': ['adjusted_rand_score: 0.19830641985',
                                                                  'mutual_info_score: 1.01791876485',
                                                                  'adjusted_mutual_info_score: 0.254407016301',
                                                                  'homogeneity_score: 0.55265265949',
                                                                  'completeness_score: 0.587418541631',
                                                                  'v_measure_score: 0.569505516755',
                                                                  'fowlkes_mallows_score: 0.325493388483',
                                                                  'silhouette_score: -0.117321198825',
                                                                  'calinski_harabaz_score: 0.907839240185'],
                                                'res_label': array([2, 6, 2, 6, 0, 1, 0, 3, 3, 0, 0, 0, 5, 0, 2, 4, 0, 0, 4, 1, 0, 4, 6,
       4]),
                                                'val': 0.56977049701255578,
                                                'vector_cfg': 'TfidfVe max_df: 50 min_df: 10 analyzer: word lowercase: True norm: l2 sublinear_tf:True'},
               'silhouette_score': {'cluster_cfg': 'KMeans with n_clusters: 7 max_iter: 900 init: random algorithm: elkan tol: 0.1',
                                    'other_metrics': ['adjusted_rand_score: -0.0237297224829',
                                                      'normalized_mutual_info_score: 0.299159654509',
                                                      'mutual_info_score: 0.373667492945',
                                                      'adjusted_mutual_info_score: -0.0306186827108',
                                                      'homogeneity_score: 0.202873098397',
                                                      'completeness_score: 0.441145226218',
                                                      'v_measure_score: 0.277931529166',
                                                      'fowlkes_mallows_score: 0.264010000242',
                                                      'calinski_harabaz_score: 4153.33876141'],
                                    'res_label': array([1, 1, 5, 1, 1, 1, 1, 1, 0, 1, 1, 1, 1, 6, 1, 1, 1, 1, 1, 1, 2, 1, 1,
       3], dtype=int32),
                                    'val': 0.75311027080575343,
                                    'vector_cfg': 'TfidfVe max_df: 0.8 min_df: 1 analyzer: char lowercase: True norm: None sublinear_tf:False'},
               'v_measure_score': {'cluster_cfg': 'AggloClu with n_clusters: 7 affinity: precomputed linkage: average',
                                   'other_metrics': ['adjusted_rand_score: 0.19830641985',
                                                     'normalized_mutual_info_score: 0.569770497013',
                                                     'mutual_info_score: 1.01791876485',
                                                     'adjusted_mutual_info_score: 0.254407016301',
                                                     'homogeneity_score: 0.55265265949',
                                                     'completeness_score: 0.587418541631',
                                                     'fowlkes_mallows_score: 0.325493388483',
                                                     'silhouette_score: -0.117321198825',
                                                     'calinski_harabaz_score: 0.907839240185'],
                                   'res_label': array([2, 6, 2, 6, 0, 1, 0, 3, 3, 0, 0, 0, 5, 0, 2, 4, 0, 0, 4, 1, 0, 4, 6,
       4]),
                                   'val': 0.56950551675512595,
                                   'vector_cfg': 'TfidfVe max_df: 50 min_df: 10 analyzer: word lowercase: True norm: l2 sublinear_tf:True'}},
 'labels8_1': {'adjusted_mutual_info_score': {'cluster_cfg': 'AggloClu with n_clusters: 8 affinity: precomputed linkage: average',
                                              'other_metrics': ['adjusted_rand_score: 0.250757575758',
                                                                'normalized_mutual_info_score: 0.644986254014',
                                                                'mutual_info_score: 1.26137110301',
                                                                'homogeneity_score: 0.656470992787',
                                                                'completeness_score: 0.633702436875',
                                                                'v_measure_score: 0.644885808841',
                                                                'fowlkes_mallows_score: 0.339467369917',
                                                                'silhouette_score: -0.118865110839',
                                                                'calinski_harabaz_score: 0.971191623905'],
                                              'res_label': array([0, 6, 0, 6, 2, 1, 3, 7, 7, 2, 3, 2, 5, 3, 0, 4, 2, 2, 4, 1, 3, 4, 6,
       4]),
                                              'val': 0.30422194698006466,
                                              'vector_cfg': 'TfidfVe max_df: 50 min_df: 10 analyzer: word lowercase: False norm: l2 sublinear_tf:True'},
               'adjusted_rand_score': {'cluster_cfg': 'AggloClu with n_clusters: 8 affinity: precomputed linkage: average',
                                       'other_metrics': ['normalized_mutual_info_score: 0.644986254014',
                                                         'mutual_info_score: 1.26137110301',
                                                         'adjusted_mutual_info_score: 0.30422194698',
                                                         'homogeneity_score: 0.656470992787',
                                                         'completeness_score: 0.633702436875',
                                                         'v_measure_score: 0.644885808841',
                                                         'fowlkes_mallows_score: 0.339467369917',
                                                         'silhouette_score: -0.151190484195',
                                                         'calinski_harabaz_score: 0.937585937879'],
                                       'res_label': array([1, 6, 1, 6, 0, 4, 3, 7, 7, 0, 3, 0, 5, 3, 1, 2, 0, 0, 2, 4, 3, 2, 6,
       2]),
                                       'val': 0.25075757575757573,
                                       'vector_cfg': 'TfidfVe max_df: 50 min_df: 10 analyzer: word lowercase: True norm: l1 sublinear_tf:True'},
               'calinski_harabaz_score': {'cluster_cfg': 'AggloClu with n_clusters: 8 affinity: euclidean linkage: ward',
                                          'other_metrics': ['adjusted_rand_score: 0.0902677383913',
                                                            'normalized_mutual_info_score: 0.533801368184',
                                                            'mutual_info_score: 0.834487197302',
                                                            'adjusted_mutual_info_score: 0.140483079586',
                                                            'homogeneity_score: 0.434302512222',
                                                            'completeness_score: 0.656095446506',
                                                            'v_measure_score: 0.522642028801',
                                                            'fowlkes_mallows_score: 0.322695260896',
                                                            'silhouette_score: 0.350409638572'],
                                          'res_label': array([0, 1, 7, 0, 0, 0, 0, 6, 5, 0, 0, 0, 0, 0, 0, 0, 0, 1, 0, 0, 4, 2, 0,
       3]),
                                          'val': 419436.8741009449,
                                          'vector_cfg': 'TfidfVe max_df: 10 min_df: 1 analyzer: char lowercase: True norm: None sublinear_tf:False'},
               'completeness_score': {'cluster_cfg': 'AggloClu with n_clusters: 8 affinity: l1 linkage: average',
                                      'other_metrics': ['adjusted_rand_score: 0.0842976961461',
                                                        'normalized_mutual_info_score: 0.542185107806',
                                                        'mutual_info_score: 0.813346762839',
                                                        'adjusted_mutual_info_score: 0.149152274537',
                                                        'homogeneity_score: 0.423300133963',
                                                        'v_measure_score: 0.525989218886',
                                                        'fowlkes_mallows_score: 0.3333683455',
                                                        'silhouette_score: 0.291995840891',
                                                        'calinski_harabaz_score: 85.4580907693'],
                                      'res_label': array([0, 5, 7, 0, 0, 0, 0, 6, 3, 0, 0, 0, 0, 0, 0, 0, 0, 0, 0, 0, 4, 1, 0,
       2]),
                                      'val': 0.6944592442576063,
                                      'vector_cfg': 'TfidfVe max_df: 10 min_df: 1 analyzer: char lowercase: True norm: None sublinear_tf:True'},
               'fowlkes_mallows_score': {'cluster_cfg': 'KMeans with n_clusters: 8 max_iter: 300 init: random algorithm: full tol: 0.1',
                                         'other_metrics': ['adjusted_rand_score: 0.187957577831',
                                                           'normalized_mutual_info_score: 0.580788848483',
                                                           'mutual_info_score: 0.967258546836',
                                                           'adjusted_mutual_info_score: 0.207854470831',
                                                           'homogeneity_score: 0.50340235083',
                                                           'completeness_score: 0.670071734798',
                                                           'v_measure_score: 0.574900955468',
                                                           'silhouette_score: -0.00208461264162',
                                                           'calinski_harabaz_score: 2.27440876044'],
                                         'res_label': array([5, 0, 5, 1, 5, 5, 5, 6, 5, 5, 5, 3, 7, 5, 5, 5, 2, 7, 5, 0, 5, 5, 7,
       4], dtype=int32),
                                         'val': 0.38152838659061278,
                                         'vector_cfg': 'TfidfVe max_df: 10 min_df: 1 analyzer: word lowercase: True norm: l1 sublinear_tf:False'},
               'homogeneity_score': {'cluster_cfg': 'AggloClu with n_clusters: 8 affinity: precomputed linkage: average',
                                     'other_metrics': ['adjusted_rand_score: 0.250757575758',
                                                       'normalized_mutual_info_score: 0.644986254014',
                                                       'mutual_info_score: 1.26137110301',
                                                       'adjusted_mutual_info_score: 0.30422194698',
                                                       'completeness_score: 0.633702436875',
                                                       'v_measure_score: 0.644885808841',
                                                       'fowlkes_mallows_score: 0.339467369917',
                                                       'silhouette_score: -0.151190484195',
                                                       'calinski_harabaz_score: 0.937585937879'],
                                     'res_label': array([1, 6, 1, 6, 0, 4, 3, 7, 7, 0, 3, 0, 5, 3, 1, 2, 0, 0, 2, 4, 3, 2, 6,
       2]),
                                     'val': 0.65647099278680399,
                                     'vector_cfg': 'TfidfVe max_df: 50 min_df: 10 analyzer: word lowercase: True norm: l1 sublinear_tf:True'},
               'mutual_info_score': {'cluster_cfg': 'AggloClu with n_clusters: 8 affinity: precomputed linkage: average',
                                     'other_metrics': ['adjusted_rand_score: 0.250757575758',
                                                       'normalized_mutual_info_score: 0.644986254014',
                                                       'adjusted_mutual_info_score: 0.30422194698',
                                                       'homogeneity_score: 0.656470992787',
                                                       'completeness_score: 0.633702436875',
                                                       'v_measure_score: 0.644885808841',
                                                       'fowlkes_mallows_score: 0.339467369917',
                                                       'silhouette_score: -0.151190484195',
                                                       'calinski_harabaz_score: 0.937585937879'],
                                     'res_label': array([1, 6, 1, 6, 0, 4, 3, 7, 7, 0, 3, 0, 5, 3, 1, 2, 0, 0, 2, 4, 3, 2, 6,
       2]),
                                     'val': 1.2613711030074417,
                                     'vector_cfg': 'TfidfVe max_df: 50 min_df: 10 analyzer: word lowercase: True norm: l1 sublinear_tf:True'},
               'normalized_mutual_info_score': {'cluster_cfg': 'AggloClu with n_clusters: 8 affinity: precomputed linkage: average',
                                                'other_metrics': ['adjusted_rand_score: 0.250757575758',
                                                                  'mutual_info_score: 1.26137110301',
                                                                  'adjusted_mutual_info_score: 0.30422194698',
                                                                  'homogeneity_score: 0.656470992787',
                                                                  'completeness_score: 0.633702436875',
                                                                  'v_measure_score: 0.644885808841',
                                                                  'fowlkes_mallows_score: 0.339467369917',
                                                                  'silhouette_score: -0.151190484195',
                                                                  'calinski_harabaz_score: 0.937585937879'],
                                                'res_label': array([1, 6, 1, 6, 0, 4, 3, 7, 7, 0, 3, 0, 5, 3, 1, 2, 0, 0, 2, 4, 3, 2, 6,
       2]),
                                                'val': 0.64498625401361731,
                                                'vector_cfg': 'TfidfVe max_df: 50 min_df: 10 analyzer: word lowercase: True norm: l1 sublinear_tf:True'},
               'silhouette_score': {'cluster_cfg': 'AggloClu with n_clusters: 8 affinity: euclidean linkage: ward',
                                    'other_metrics': ['adjusted_rand_score: -0.032032905397',
                                                      'normalized_mutual_info_score: 0.464999709688',
                                                      'mutual_info_score: 0.91003798768',
                                                      'adjusted_mutual_info_score: -0.0380910659998',
                                                      'homogeneity_score: 0.473622346209',
                                                      'completeness_score: 0.456534054487',
                                                      'v_measure_score: 0.464921232276',
                                                      'fowlkes_mallows_score: 0.0910765111078',
                                                      'calinski_harabaz_score: 13.9566626317'],
                                    'res_label': array([1, 0, 5, 1, 3, 0, 1, 1, 5, 1, 7, 6, 7, 6, 4, 7, 7, 3, 4, 6, 1, 2, 2,
       5]),
                                    'val': 0.6119589213862402,
                                    'vector_cfg': 'TfidfVe max_df: 0.5 min_df: 0.1 analyzer: char lowercase: True norm: l2 sublinear_tf:False'},
               'v_measure_score': {'cluster_cfg': 'AggloClu with n_clusters: 8 affinity: precomputed linkage: average',
                                   'other_metrics': ['adjusted_rand_score: 0.250757575758',
                                                     'normalized_mutual_info_score: 0.644986254014',
                                                     'mutual_info_score: 1.26137110301',
                                                     'adjusted_mutual_info_score: 0.30422194698',
                                                     'homogeneity_score: 0.656470992787',
                                                     'completeness_score: 0.633702436875',
                                                     'fowlkes_mallows_score: 0.339467369917',
                                                     'silhouette_score: -0.151190484195',
                                                     'calinski_harabaz_score: 0.937585937879'],
                                   'res_label': array([1, 6, 1, 6, 0, 4, 3, 7, 7, 0, 3, 0, 5, 3, 1, 2, 0, 0, 2, 4, 3, 2, 6,
       2]),
                                   'val': 0.64488580884149849,
                                   'vector_cfg': 'TfidfVe max_df: 50 min_df: 10 analyzer: word lowercase: True norm: l1 sublinear_tf:True'}},
 'labels8_2': {'adjusted_mutual_info_score': {'cluster_cfg': 'AggloClu with n_clusters: 8 affinity: precomputed linkage: average',
                                              'other_metrics': ['adjusted_rand_score: 0.243647234679',
                                                                'normalized_mutual_info_score: 0.637464947958',
                                                                'mutual_info_score: 1.23956909702',
                                                                'homogeneity_score: 0.652528340231',
                                                                'completeness_score: 0.622749288914',
                                                                'v_measure_score: 0.637291128752',
                                                                'fowlkes_mallows_score: 0.334719340698',
                                                                'silhouette_score: -0.118865110839',
                                                                'calinski_harabaz_score: 0.971191623905'],
                                              'res_label': array([0, 6, 0, 6, 2, 1, 3, 7, 7, 2, 3, 2, 5, 3, 0, 4, 2, 2, 4, 1, 3, 4, 6,
       4]),
                                              'val': 0.29411285710010121,
                                              'vector_cfg': 'TfidfVe max_df: 50 min_df: 10 analyzer: word lowercase: False norm: l2 sublinear_tf:True'},
               'adjusted_rand_score': {'cluster_cfg': 'AggloClu with n_clusters: 8 affinity: precomputed linkage: average',
                                       'other_metrics': ['normalized_mutual_info_score: 0.637464947958',
                                                         'mutual_info_score: 1.23956909702',
                                                         'adjusted_mutual_info_score: 0.2941128571',
                                                         'homogeneity_score: 0.652528340231',
                                                         'completeness_score: 0.622749288914',
                                                         'v_measure_score: 0.637291128752',
                                                         'fowlkes_mallows_score: 0.334719340698',
                                                         'silhouette_score: -0.151190484195',
                                                         'calinski_harabaz_score: 0.937585937879'],
                                       'res_label': array([1, 6, 1, 6, 0, 4, 3, 7, 7, 0, 3, 0, 5, 3, 1, 2, 0, 0, 2, 4, 3, 2, 6,
       2]),
                                       'val': 0.24364723467862484,
                                       'vector_cfg': 'TfidfVe max_df: 50 min_df: 10 analyzer: word lowercase: True norm: l1 sublinear_tf:True'},
               'calinski_harabaz_score': {'cluster_cfg': 'AggloClu with n_clusters: 8 affinity: euclidean linkage: ward',
                                          'other_metrics': ['adjusted_rand_score: 0.0672443674177',
                                                            'normalized_mutual_info_score: 0.485669249158',
                                                            'mutual_info_score: 0.754922926265',
                                                            'adjusted_mutual_info_score: 0.0836673656983',
                                                            'homogeneity_score: 0.397403101822',
                                                            'completeness_score: 0.59353995602',
                                                            'v_measure_score: 0.476060895146',
                                                            'fowlkes_mallows_score: 0.30303030303',
                                                            'silhouette_score: 0.350409638572'],
                                          'res_label': array([0, 1, 7, 0, 0, 0, 0, 6, 5, 0, 0, 0, 0, 0, 0, 0, 0, 1, 0, 0, 4, 2, 0,
       3]),
                                          'val': 419436.8741009449,
                                          'vector_cfg': 'TfidfVe max_df: 10 min_df: 1 analyzer: char lowercase: True norm: None sublinear_tf:False'},
               'completeness_score': {'cluster_cfg': 'KMeans with n_clusters: 8 max_iter: 300 init: random algorithm: full tol: 0.1',
                                      'other_metrics': ['adjusted_rand_score: 0.12240272006',
                                                        'normalized_mutual_info_score: 0.564572567808',
                                                        'mutual_info_score: 0.910784032069',
                                                        'adjusted_mutual_info_score: 0.184571879663',
                                                        'homogeneity_score: 0.479450798011',
                                                        'v_measure_score: 0.557116099364',
                                                        'fowlkes_mallows_score: 0.338357771166',
                                                        'silhouette_score: 0.118027245111',
                                                        'calinski_harabaz_score: 22.1745365947'],
                                      'res_label': array([3, 1, 3, 3, 3, 3, 3, 5, 3, 3, 3, 3, 3, 7, 3, 3, 3, 0, 3, 1, 4, 2, 0,
       6], dtype=int32),
                                      'val': 0.66480686995047111,
                                      'vector_cfg': 'TfidfVe max_df: 0.5 min_df: 1 analyzer: word lowercase: True norm: None sublinear_tf:False'},
               'fowlkes_mallows_score': {'cluster_cfg': 'KMeans with n_clusters: 8 max_iter: 300 init: random algorithm: full tol: 0.1',
                                         'other_metrics': ['adjusted_rand_score: 0.1809250921',
                                                           'normalized_mutual_info_score: 0.570946284524',
                                                           'mutual_info_score: 0.945456540846',
                                                           'adjusted_mutual_info_score: 0.198945180153',
                                                           'homogeneity_score: 0.497702942775',
                                                           'completeness_score: 0.654968319043',
                                                           'v_measure_score: 0.565607334216',
                                                           'silhouette_score: -0.00208461264162',
                                                           'calinski_harabaz_score: 2.27440876044'],
                                         'res_label': array([5, 0, 5, 1, 5, 5, 5, 6, 5, 5, 5, 3, 7, 5, 5, 5, 2, 7, 5, 0, 5, 5, 7,
       4], dtype=int32),
                                         'val': 0.37619206243122316,
                                         'vector_cfg': 'TfidfVe max_df: 10 min_df: 1 analyzer: word lowercase: True norm: l1 sublinear_tf:False'},
               'homogeneity_score': {'cluster_cfg': 'AggloClu with n_clusters: 8 affinity: precomputed linkage: average',
                                     'other_metrics': ['adjusted_rand_score: 0.243647234679',
                                                       'normalized_mutual_info_score: 0.637464947958',
                                                       'mutual_info_score: 1.23956909702',
                                                       'adjusted_mutual_info_score: 0.2941128571',
                                                       'completeness_score: 0.622749288914',
                                                       'v_measure_score: 0.637291128752',
                                                       'fowlkes_mallows_score: 0.334719340698',
                                                       'silhouette_score: -0.118865110839',
                                                       'calinski_harabaz_score: 0.971191623905'],
                                     'res_label': array([0, 6, 0, 6, 2, 1, 3, 7, 7, 2, 3, 2, 5, 3, 0, 4, 2, 2, 4, 1, 3, 4, 6,
       4]),
                                     'val': 0.65252834023073758,
                                     'vector_cfg': 'TfidfVe max_df: 50 min_df: 10 analyzer: word lowercase: False norm: l2 sublinear_tf:True'},
               'mutual_info_score': {'cluster_cfg': 'AggloClu with n_clusters: 8 affinity: precomputed linkage: average',
                                     'other_metrics': ['adjusted_rand_score: 0.243647234679',
                                                       'normalized_mutual_info_score: 0.637464947958',
                                                       'adjusted_mutual_info_score: 0.2941128571',
                                                       'homogeneity_score: 0.652528340231',
                                                       'completeness_score: 0.622749288914',
                                                       'v_measure_score: 0.637291128752',
                                                       'fowlkes_mallows_score: 0.334719340698',
                                                       'silhouette_score: -0.118865110839',
                                                       'calinski_harabaz_score: 0.971191623905'],
                                     'res_label': array([0, 6, 0, 6, 2, 1, 3, 7, 7, 2, 3, 2, 5, 3, 0, 4, 2, 2, 4, 1, 3, 4, 6,
       4]),
                                     'val': 1.2395690970172524,
                                     'vector_cfg': 'TfidfVe max_df: 50 min_df: 10 analyzer: word lowercase: False norm: l2 sublinear_tf:True'},
               'normalized_mutual_info_score': {'cluster_cfg': 'AggloClu with n_clusters: 8 affinity: precomputed linkage: average',
                                                'other_metrics': ['adjusted_rand_score: 0.243647234679',
                                                                  'mutual_info_score: 1.23956909702',
                                                                  'adjusted_mutual_info_score: 0.2941128571',
                                                                  'homogeneity_score: 0.652528340231',
                                                                  'completeness_score: 0.622749288914',
                                                                  'v_measure_score: 0.637291128752',
                                                                  'fowlkes_mallows_score: 0.334719340698',
                                                                  'silhouette_score: -0.118865110839',
                                                                  'calinski_harabaz_score: 0.971191623905'],
                                                'res_label': array([0, 6, 0, 6, 2, 1, 3, 7, 7, 2, 3, 2, 5, 3, 0, 4, 2, 2, 4, 1, 3, 4, 6,
       4]),
                                                'val': 0.63746494795778053,
                                                'vector_cfg': 'TfidfVe max_df: 50 min_df: 10 analyzer: word lowercase: False norm: l2 sublinear_tf:True'},
               'silhouette_score': {'cluster_cfg': 'AggloClu with n_clusters: 8 affinity: euclidean linkage: ward',
                                    'other_metrics': ['adjusted_rand_score: -0.0354243542435',
                                                      'normalized_mutual_info_score: 0.456456619579',
                                                      'mutual_info_score: 0.88823598169',
                                                      'adjusted_mutual_info_score: -0.0432120548051',
                                                      'homogeneity_score: 0.467581155629',
                                                      'completeness_score: 0.445596754808',
                                                      'v_measure_score: 0.456324322295',
                                                      'fowlkes_mallows_score: 0.0898026510134',
                                                      'calinski_harabaz_score: 13.9566626317'],
                                    'res_label': array([1, 0, 5, 1, 3, 0, 1, 1, 5, 1, 7, 6, 7, 6, 4, 7, 7, 3, 4, 6, 1, 2, 2,
       5]),
                                    'val': 0.6119589213862402,
                                    'vector_cfg': 'TfidfVe max_df: 0.5 min_df: 0.1 analyzer: char lowercase: True norm: l2 sublinear_tf:False'},
               'v_measure_score': {'cluster_cfg': 'AggloClu with n_clusters: 8 affinity: precomputed linkage: average',
                                   'other_metrics': ['adjusted_rand_score: 0.243647234679',
                                                     'normalized_mutual_info_score: 0.637464947958',
                                                     'mutual_info_score: 1.23956909702',
                                                     'adjusted_mutual_info_score: 0.2941128571',
                                                     'homogeneity_score: 0.652528340231',
                                                     'completeness_score: 0.622749288914',
                                                     'fowlkes_mallows_score: 0.334719340698',
                                                     'silhouette_score: -0.118865110839',
                                                     'calinski_harabaz_score: 0.971191623905'],
                                   'res_label': array([0, 6, 0, 6, 2, 1, 3, 7, 7, 2, 3, 2, 5, 3, 0, 4, 2, 2, 4, 1, 3, 4, 6,
       4]),
                                   'val': 0.63729112875193228,
                                   'vector_cfg': 'TfidfVe max_df: 50 min_df: 10 analyzer: word lowercase: False norm: l2 sublinear_tf:True'}},
 'labels9_1': {'adjusted_mutual_info_score': {'cluster_cfg': 'AggloClu with n_clusters: 9 affinity: precomputed linkage: average',
                                              'other_metrics': ['adjusted_rand_score: 0.201472908995',
                                                                'normalized_mutual_info_score: 0.651708980307',
                                                                'mutual_info_score: 1.31913336805',
                                                                'homogeneity_score: 0.666496744745',
                                                                'completeness_score: 0.637249316463',
                                                                'v_measure_score: 0.651544971296',
                                                                'fowlkes_mallows_score: 0.291691675598',
                                                                'silhouette_score: -0.12059240279',
                                                                'calinski_harabaz_score: 0.9529453448'],
                                              'res_label': array([6, 2, 6, 2, 0, 1, 3, 7, 7, 0, 3, 0, 5, 3, 8, 4, 0, 0, 4, 1, 3, 4, 2,
       4]),
                                              'val': 0.25658514871849586,
                                              'vector_cfg': 'TfidfVe max_df: 50 min_df: 10 analyzer: word lowercase: False norm: l2 sublinear_tf:True'},
               'adjusted_rand_score': {'cluster_cfg': 'KMeans with n_clusters: 9 max_iter: 300 init: random algorithm: elkan tol: 0.1',
                                       'other_metrics': ['normalized_mutual_info_score: 0.618969101889',
                                                         'mutual_info_score: 1.15812952881',
                                                         'adjusted_mutual_info_score: 0.238584653888',
                                                         'homogeneity_score: 0.585148992238',
                                                         'completeness_score: 0.654743927061',
                                                         'v_measure_score: 0.617993284953',
                                                         'fowlkes_mallows_score: 0.350070021007',
                                                         'silhouette_score: 0.177383649268',
                                                         'calinski_harabaz_score: 283677.873564'],
                                       'res_label': array([1, 8, 7, 5, 6, 1, 1, 5, 2, 5, 1, 6, 1, 6, 1, 1, 1, 6, 1, 6, 3, 0, 6,
       4], dtype=int32),
                                       'val': 0.22351571594877764,
                                       'vector_cfg': 'TfidfVe max_df: 0.5 min_df: 0.1 analyzer: char lowercase: True norm: None sublinear_tf:False'},
               'calinski_harabaz_score': {'cluster_cfg': 'KMeans with n_clusters: 9 max_iter: 100 init: k-means++ algorithm: full tol: 0.0001',
                                          'other_metrics': ['adjusted_rand_score: 0.0750670241287',
                                                            'normalized_mutual_info_score: 0.526906954267',
                                                            'mutual_info_score: 0.9251565139',
                                                            'adjusted_mutual_info_score: 0.0892597741111',
                                                            'homogeneity_score: 0.467438562185',
                                                            'completeness_score: 0.593941024371',
                                                            'v_measure_score: 0.523151079918',
                                                            'fowlkes_mallows_score: 0.261968415998',
                                                            'silhouette_score: 0.225577134491'],
                                          'res_label': array([6, 8, 1, 0, 0, 6, 6, 7, 2, 0, 6, 6, 6, 6, 6, 6, 6, 0, 6, 6, 4, 5, 6,
       3], dtype=int32),
                                          'val': 447467.27195798722,
                                          'vector_cfg': 'TfidfVe max_df: 10 min_df: 1 analyzer: char lowercase: True norm: None sublinear_tf:False'},
               'completeness_score': {'cluster_cfg': 'KMeans with n_clusters: 9 max_iter: 300 init: random algorithm: full tol: 0.1',
                                      'other_metrics': ['adjusted_rand_score: 0.106516290727',
                                                        'normalized_mutual_info_score: 0.598527087231',
                                                        'mutual_info_score: 1.03917906495',
                                                        'adjusted_mutual_info_score: 0.188609535046',
                                                        'homogeneity_score: 0.525048854626',
                                                        'v_measure_score: 0.593429402851',
                                                        'fowlkes_mallows_score: 0.302320772463',
                                                        'silhouette_score: 0.0105651381242',
                                                        'calinski_harabaz_score: 18.5840605016'],
                                      'res_label': array([7, 2, 7, 7, 7, 7, 0, 5, 7, 7, 7, 7, 4, 1, 7, 7, 7, 6, 7, 2, 8, 3, 6,
       7], dtype=int32),
                                      'val': 0.68228826897272121,
                                      'vector_cfg': 'TfidfVe max_df: 10 min_df: 1 analyzer: word lowercase: True norm: None sublinear_tf:False'},
               'fowlkes_mallows_score': {'cluster_cfg': 'KMeans with n_clusters: 9 max_iter: 100 init: random algorithm: elkan tol: 0.001',
                                         'other_metrics': ['adjusted_rand_score: 0.160630356649',
                                                           'normalized_mutual_info_score: 0.581995846845',
                                                           'mutual_info_score: 1.00321880589',
                                                           'adjusted_mutual_info_score: 0.168518593979',
                                                           'homogeneity_score: 0.506879808052',
                                                           'completeness_score: 0.668243556687',
                                                           'v_measure_score: 0.57648273519',
                                                           'silhouette_score: 0.0154123392005',
                                                           'calinski_harabaz_score: 2.23525193775'],
                                         'res_label': array([6, 1, 6, 4, 6, 6, 6, 3, 6, 6, 6, 0, 6, 6, 7, 6, 2, 6, 6, 1, 6, 8, 1,
       5], dtype=int32),
                                         'val': 0.35377456883861252,
                                         'vector_cfg': 'TfidfVe max_df: 10 min_df: 1 analyzer: word lowercase: True norm: l1 sublinear_tf:False'},
               'homogeneity_score': {'cluster_cfg': 'AggloClu with n_clusters: 9 affinity: precomputed linkage: average',
                                     'other_metrics': ['adjusted_rand_score: 0.193656093489',
                                                       'normalized_mutual_info_score: 0.643771632381',
                                                       'mutual_info_score: 1.32201759593',
                                                       'adjusted_mutual_info_score: 0.218094437361',
                                                       'completeness_score: 0.620464744365',
                                                       'v_measure_score: 0.64333418455',
                                                       'fowlkes_mallows_score: 0.280056016806',
                                                       'silhouette_score: -0.155419577544',
                                                       'calinski_harabaz_score: 0.944193842002'],
                                     'res_label': array([0, 6, 0, 6, 4, 1, 3, 7, 7, 8, 3, 4, 5, 3, 0, 2, 4, 8, 2, 1, 3, 2, 6,
       2]),
                                     'val': 0.66795401096022422,
                                     'vector_cfg': 'TfidfVe max_df: 50 min_df: 10 analyzer: word lowercase: True norm: l1 sublinear_tf:True'},
               'mutual_info_score': {'cluster_cfg': 'AggloClu with n_clusters: 9 affinity: precomputed linkage: average',
                                     'other_metrics': ['adjusted_rand_score: 0.193656093489',
                                                       'normalized_mutual_info_score: 0.643771632381',
                                                       'adjusted_mutual_info_score: 0.218094437361',
                                                       'homogeneity_score: 0.66795401096',
                                                       'completeness_score: 0.620464744365',
                                                       'v_measure_score: 0.64333418455',
                                                       'fowlkes_mallows_score: 0.280056016806',
                                                       'silhouette_score: -0.155419577544',
                                                       'calinski_harabaz_score: 0.944193842002'],
                                     'res_label': array([0, 6, 0, 6, 4, 1, 3, 7, 7, 8, 3, 4, 5, 3, 0, 2, 4, 8, 2, 1, 3, 2, 6,
       2]),
                                     'val': 1.322017595930852,
                                     'vector_cfg': 'TfidfVe max_df: 50 min_df: 10 analyzer: word lowercase: True norm: l1 sublinear_tf:True'},
               'normalized_mutual_info_score': {'cluster_cfg': 'AggloClu with n_clusters: 9 affinity: precomputed linkage: average',
                                                'other_metrics': ['adjusted_rand_score: 0.201472908995',
                                                                  'mutual_info_score: 1.31913336805',
                                                                  'adjusted_mutual_info_score: 0.256585148718',
                                                                  'homogeneity_score: 0.666496744745',
                                                                  'completeness_score: 0.637249316463',
                                                                  'v_measure_score: 0.651544971296',
                                                                  'fowlkes_mallows_score: 0.291691675598',
                                                                  'silhouette_score: -0.12059240279',
                                                                  'calinski_harabaz_score: 0.9529453448'],
                                                'res_label': array([6, 2, 6, 2, 0, 1, 3, 7, 7, 0, 3, 0, 5, 3, 8, 4, 0, 0, 4, 1, 3, 4, 2,
       4]),
                                                'val': 0.65170898030739732,
                                                'vector_cfg': 'TfidfVe max_df: 50 min_df: 10 analyzer: word lowercase: False norm: l2 sublinear_tf:True'},
               'silhouette_score': {'cluster_cfg': 'AggloClu with n_clusters: 9 affinity: euclidean linkage: ward',
                                    'other_metrics': ['adjusted_rand_score: -0.0245775729647',
                                                      'normalized_mutual_info_score: 0.509003460977',
                                                      'mutual_info_score: 1.02556251777',
                                                      'adjusted_mutual_info_score: -0.0261627142171',
                                                      'homogeneity_score: 0.518169046574',
                                                      'completeness_score: 0.5',
                                                      'v_measure_score: 0.508922411575',
                                                      'fowlkes_mallows_score: 0.0939336436628',
                                                      'calinski_harabaz_score: 15.8489798275'],
                                    'res_label': array([0, 8, 5, 0, 1, 7, 0, 0, 5, 0, 3, 6, 3, 6, 4, 3, 3, 1, 4, 6, 0, 2, 2,
       5]),
                                    'val': 0.6152316674066417,
                                    'vector_cfg': 'TfidfVe max_df: 0.5 min_df: 0.1 analyzer: char lowercase: True norm: l2 sublinear_tf:False'},
               'v_measure_score': {'cluster_cfg': 'AggloClu with n_clusters: 9 affinity: precomputed linkage: average',
                                   'other_metrics': ['adjusted_rand_score: 0.201472908995',
                                                     'normalized_mutual_info_score: 0.651708980307',
                                                     'mutual_info_score: 1.31913336805',
                                                     'adjusted_mutual_info_score: 0.256585148718',
                                                     'homogeneity_score: 0.666496744745',
                                                     'completeness_score: 0.637249316463',
                                                     'fowlkes_mallows_score: 0.291691675598',
                                                     'silhouette_score: -0.12059240279',
                                                     'calinski_harabaz_score: 0.9529453448'],
                                   'res_label': array([6, 2, 6, 2, 0, 1, 3, 7, 7, 0, 3, 0, 5, 3, 8, 4, 0, 0, 4, 1, 3, 4, 2,
       4]),
                                   'val': 0.65154497129587352,
                                   'vector_cfg': 'TfidfVe max_df: 50 min_df: 10 analyzer: word lowercase: False norm: l2 sublinear_tf:True'}},
 'summary': {'labels7_1': {'adjusted_mutual_info_score': {'res_label': array([2, 6, 2, 6, 0, 1, 0, 3, 3, 0, 0, 0, 5, 0, 2, 4, 0, 0, 4, 1, 0, 4, 6,
       4]),
                                                          'val': 0.25440701630143869},
                           'adjusted_rand_score': {'res_label': array([4, 6, 6, 2, 3, 4, 4, 4, 0, 5, 4, 2, 6, 1, 4, 4, 4, 6, 4, 6, 4, 2, 6,
       3], dtype=int32),
                                                   'val': 0.2247191011235955},
                           'calinski_harabaz_score': {'res_label': array([0, 0, 3, 0, 0, 0, 0, 6, 2, 0, 0, 0, 0, 0, 0, 0, 0, 0, 0, 0, 4, 5, 0,
       1], dtype=int32),
                                                      'val': 360991.26777635014},
                           'completeness_score': {'res_label': array([2, 0, 1, 2, 2, 2, 2, 2, 2, 2, 2, 2, 0, 2, 3, 2, 2, 4, 2, 0, 5, 6, 4,
       2], dtype=int32),
                                                  'val': 0.62724476599682089},
                           'fowlkes_mallows_score': {'res_label': array([0, 4, 0, 3, 5, 0, 0, 2, 0, 0, 0, 3, 4, 0, 0, 0, 1, 4, 0, 4, 0, 3, 4,
       6], dtype=int32),
                                                     'val': 0.38842295423767181},
                           'homogeneity_score': {'res_label': array([2, 6, 2, 6, 0, 1, 0, 3, 3, 0, 0, 0, 5, 0, 2, 4, 0, 0, 4, 1, 0, 4, 6,
       4]),
                                                 'val': 0.5526526594900707},
                           'mutual_info_score': {'res_label': array([2, 6, 2, 6, 0, 1, 0, 3, 3, 0, 0, 0, 5, 0, 2, 4, 0, 0, 4, 1, 0, 4, 6,
       4]),
                                                 'val': 1.0179187648497285},
                           'normalized_mutual_info_score': {'res_label': array([2, 6, 2, 6, 0, 1, 0, 3, 3, 0, 0, 0, 5, 0, 2, 4, 0, 0, 4, 1, 0, 4, 6,
       4]),
                                                            'val': 0.56977049701255578},
                           'silhouette_score': {'res_label': array([1, 1, 5, 1, 1, 1, 1, 1, 0, 1, 1, 1, 1, 6, 1, 1, 1, 1, 1, 1, 2, 1, 1,
       3], dtype=int32),
                                                'val': 0.75311027080575343},
                           'v_measure_score': {'res_label': array([2, 6, 2, 6, 0, 1, 0, 3, 3, 0, 0, 0, 5, 0, 2, 4, 0, 0, 4, 1, 0, 4, 6,
       4]),
                                               'val': 0.56950551675512595}},
             'labels7_2': {'adjusted_mutual_info_score': {'res_label': array([1, 0, 0, 6, 1, 6, 6, 2, 0, 5, 5, 6, 1, 4, 1, 5, 5, 0, 5, 1, 3, 4, 0,
       1], dtype=int32),
                                                          'val': 0.25717638269173398},
                           'adjusted_rand_score': {'res_label': array([0, 1, 1, 3, 4, 6, 4, 4, 1, 4, 6, 3, 0, 1, 2, 6, 6, 1, 6, 0, 5, 3, 1,
       0], dtype=int32),
                                                   'val': 0.2304832713754647},
                           'calinski_harabaz_score': {'res_label': array([0, 0, 3, 0, 0, 0, 0, 6, 2, 0, 0, 0, 0, 0, 0, 0, 0, 0, 0, 0, 4, 5, 0,
       1], dtype=int32),
                                                      'val': 360991.26777635014},
                           'completeness_score': {'res_label': array([1, 3, 1, 1, 1, 1, 1, 4, 1, 1, 1, 1, 1, 6, 1, 1, 1, 2, 1, 1, 0, 5, 2,
       1], dtype=int32),
                                                  'val': 0.65902759859545623},
                           'fowlkes_mallows_score': {'res_label': array([0, 4, 0, 3, 5, 0, 0, 2, 0, 0, 0, 3, 4, 0, 0, 0, 1, 4, 0, 4, 0, 3, 4,
       6], dtype=int32),
                                                     'val': 0.38842295423767181},
                           'homogeneity_score': {'res_label': array([0, 1, 1, 3, 4, 6, 4, 4, 1, 4, 6, 3, 0, 1, 2, 6, 6, 1, 6, 0, 5, 3, 1,
       0], dtype=int32),
                                                 'val': 0.55523672048398509},
                           'mutual_info_score': {'res_label': array([0, 1, 1, 3, 4, 6, 4, 4, 1, 4, 6, 3, 0, 1, 2, 6, 6, 1, 6, 0, 5, 3, 1,
       0], dtype=int32),
                                                 'val': 1.0226782898968869},
                           'normalized_mutual_info_score': {'res_label': array([2, 6, 2, 6, 0, 1, 0, 3, 3, 0, 0, 0, 5, 0, 2, 4, 0, 0, 4, 1, 0, 4, 6,
       4]),
                                                            'val': 0.56977049701255578},
                           'silhouette_score': {'res_label': array([1, 1, 5, 1, 1, 1, 1, 1, 0, 1, 1, 1, 1, 6, 1, 1, 1, 1, 1, 1, 2, 1, 1,
       3], dtype=int32),
                                                'val': 0.75311027080575343},
                           'v_measure_score': {'res_label': array([2, 6, 2, 6, 0, 1, 0, 3, 3, 0, 0, 0, 5, 0, 2, 4, 0, 0, 4, 1, 0, 4, 6,
       4]),
                                               'val': 0.56950551675512595}},
             'labels8_1': {'adjusted_mutual_info_score': {'res_label': array([0, 6, 0, 6, 2, 1, 3, 7, 7, 2, 3, 2, 5, 3, 0, 4, 2, 2, 4, 1, 3, 4, 6,
       4]),
                                                          'val': 0.30422194698006466},
                           'adjusted_rand_score': {'res_label': array([1, 6, 1, 6, 0, 4, 3, 7, 7, 0, 3, 0, 5, 3, 1, 2, 0, 0, 2, 4, 3, 2, 6,
       2]),
                                                   'val': 0.25075757575757573},
                           'calinski_harabaz_score': {'res_label': array([0, 1, 7, 0, 0, 0, 0, 6, 5, 0, 0, 0, 0, 0, 0, 0, 0, 1, 0, 0, 4, 2, 0,
       3]),
                                                      'val': 419436.8741009449},
                           'completeness_score': {'res_label': array([0, 5, 7, 0, 0, 0, 0, 6, 3, 0, 0, 0, 0, 0, 0, 0, 0, 0, 0, 0, 4, 1, 0,
       2]),
                                                  'val': 0.6944592442576063},
                           'fowlkes_mallows_score': {'res_label': array([5, 0, 5, 1, 5, 5, 5, 6, 5, 5, 5, 3, 7, 5, 5, 5, 2, 7, 5, 0, 5, 5, 7,
       4], dtype=int32),
                                                     'val': 0.38152838659061278},
                           'homogeneity_score': {'res_label': array([1, 6, 1, 6, 0, 4, 3, 7, 7, 0, 3, 0, 5, 3, 1, 2, 0, 0, 2, 4, 3, 2, 6,
       2]),
                                                 'val': 0.65647099278680399},
                           'mutual_info_score': {'res_label': array([1, 6, 1, 6, 0, 4, 3, 7, 7, 0, 3, 0, 5, 3, 1, 2, 0, 0, 2, 4, 3, 2, 6,
       2]),
                                                 'val': 1.2613711030074417},
                           'normalized_mutual_info_score': {'res_label': array([1, 6, 1, 6, 0, 4, 3, 7, 7, 0, 3, 0, 5, 3, 1, 2, 0, 0, 2, 4, 3, 2, 6,
       2]),
                                                            'val': 0.64498625401361731},
                           'silhouette_score': {'res_label': array([1, 0, 5, 1, 3, 0, 1, 1, 5, 1, 7, 6, 7, 6, 4, 7, 7, 3, 4, 6, 1, 2, 2,
       5]),
                                                'val': 0.6119589213862402},
                           'v_measure_score': {'res_label': array([1, 6, 1, 6, 0, 4, 3, 7, 7, 0, 3, 0, 5, 3, 1, 2, 0, 0, 2, 4, 3, 2, 6,
       2]),
                                               'val': 0.64488580884149849}},
             'labels8_2': {'adjusted_mutual_info_score': {'res_label': array([0, 6, 0, 6, 2, 1, 3, 7, 7, 2, 3, 2, 5, 3, 0, 4, 2, 2, 4, 1, 3, 4, 6,
       4]),
                                                          'val': 0.29411285710010121},
                           'adjusted_rand_score': {'res_label': array([1, 6, 1, 6, 0, 4, 3, 7, 7, 0, 3, 0, 5, 3, 1, 2, 0, 0, 2, 4, 3, 2, 6,
       2]),
                                                   'val': 0.24364723467862484},
                           'calinski_harabaz_score': {'res_label': array([0, 1, 7, 0, 0, 0, 0, 6, 5, 0, 0, 0, 0, 0, 0, 0, 0, 1, 0, 0, 4, 2, 0,
       3]),
                                                      'val': 419436.8741009449},
                           'completeness_score': {'res_label': array([3, 1, 3, 3, 3, 3, 3, 5, 3, 3, 3, 3, 3, 7, 3, 3, 3, 0, 3, 1, 4, 2, 0,
       6], dtype=int32),
                                                  'val': 0.66480686995047111},
                           'fowlkes_mallows_score': {'res_label': array([5, 0, 5, 1, 5, 5, 5, 6, 5, 5, 5, 3, 7, 5, 5, 5, 2, 7, 5, 0, 5, 5, 7,
       4], dtype=int32),
                                                     'val': 0.37619206243122316},
                           'homogeneity_score': {'res_label': array([0, 6, 0, 6, 2, 1, 3, 7, 7, 2, 3, 2, 5, 3, 0, 4, 2, 2, 4, 1, 3, 4, 6,
       4]),
                                                 'val': 0.65252834023073758},
                           'mutual_info_score': {'res_label': array([0, 6, 0, 6, 2, 1, 3, 7, 7, 2, 3, 2, 5, 3, 0, 4, 2, 2, 4, 1, 3, 4, 6,
       4]),
                                                 'val': 1.2395690970172524},
                           'normalized_mutual_info_score': {'res_label': array([0, 6, 0, 6, 2, 1, 3, 7, 7, 2, 3, 2, 5, 3, 0, 4, 2, 2, 4, 1, 3, 4, 6,
       4]),
                                                            'val': 0.63746494795778053},
                           'silhouette_score': {'res_label': array([1, 0, 5, 1, 3, 0, 1, 1, 5, 1, 7, 6, 7, 6, 4, 7, 7, 3, 4, 6, 1, 2, 2,
       5]),
                                                'val': 0.6119589213862402},
                           'v_measure_score': {'res_label': array([0, 6, 0, 6, 2, 1, 3, 7, 7, 2, 3, 2, 5, 3, 0, 4, 2, 2, 4, 1, 3, 4, 6,
       4]),
                                               'val': 0.63729112875193228}},
             'labels9_1': {'adjusted_mutual_info_score': {'res_label': array([6, 2, 6, 2, 0, 1, 3, 7, 7, 0, 3, 0, 5, 3, 8, 4, 0, 0, 4, 1, 3, 4, 2,
       4]),
                                                          'val': 0.25658514871849586},
                           'adjusted_rand_score': {'res_label': array([1, 8, 7, 5, 6, 1, 1, 5, 2, 5, 1, 6, 1, 6, 1, 1, 1, 6, 1, 6, 3, 0, 6,
       4], dtype=int32),
                                                   'val': 0.22351571594877764},
                           'calinski_harabaz_score': {'res_label': array([6, 8, 1, 0, 0, 6, 6, 7, 2, 0, 6, 6, 6, 6, 6, 6, 6, 0, 6, 6, 4, 5, 6,
       3], dtype=int32),
                                                      'val': 447467.27195798722},
                           'completeness_score': {'res_label': array([7, 2, 7, 7, 7, 7, 0, 5, 7, 7, 7, 7, 4, 1, 7, 7, 7, 6, 7, 2, 8, 3, 6,
       7], dtype=int32),
                                                  'val': 0.68228826897272121},
                           'fowlkes_mallows_score': {'res_label': array([6, 1, 6, 4, 6, 6, 6, 3, 6, 6, 6, 0, 6, 6, 7, 6, 2, 6, 6, 1, 6, 8, 1,
       5], dtype=int32),
                                                     'val': 0.35377456883861252},
                           'homogeneity_score': {'res_label': array([0, 6, 0, 6, 4, 1, 3, 7, 7, 8, 3, 4, 5, 3, 0, 2, 4, 8, 2, 1, 3, 2, 6,
       2]),
                                                 'val': 0.66795401096022422},
                           'mutual_info_score': {'res_label': array([0, 6, 0, 6, 4, 1, 3, 7, 7, 8, 3, 4, 5, 3, 0, 2, 4, 8, 2, 1, 3, 2, 6,
       2]),
                                                 'val': 1.322017595930852},
                           'normalized_mutual_info_score': {'res_label': array([6, 2, 6, 2, 0, 1, 3, 7, 7, 0, 3, 0, 5, 3, 8, 4, 0, 0, 4, 1, 3, 4, 2,
       4]),
                                                            'val': 0.65170898030739732},
                           'silhouette_score': {'res_label': array([0, 8, 5, 0, 1, 7, 0, 0, 5, 0, 3, 6, 3, 6, 4, 3, 3, 1, 4, 6, 0, 2, 2,
       5]),
                                                'val': 0.6152316674066417},
                           'v_measure_score': {'res_label': array([6, 2, 6, 2, 0, 1, 3, 7, 7, 0, 3, 0, 5, 3, 8, 4, 0, 0, 4, 1, 3, 4, 2,
       4]),
                                               'val': 0.65154497129587352}}}}

%%%%%%%%%%%%%%%%%%Starting new CountVec cycle%%%%%%%%%%%%%%%%%%%%%%%%
n_samples: 24, n_features: 24333

